# JRE version: OpenJDK Runtime Environment Temurin-21.0.8+9 (21.0.8+9) (build 21.0.8+9-LTS)
# Java VM: OpenJDK 64-Bit Server VM Temurin-21.0.8+9 (21.0.8+9-LTS, mixed mode, sharing, tiered, compressed oops, compressed class ptrs, parallel gc, linux-amd64)
GC Precious Log:
 CardTable entry size: 512
 CPUs: 8 total, 8 available
 Memory: 7776M
 Large Page Support: Disabled
 NUMA Support: Disabled
 Compressed Oops: Enabled (32-bit)
 Alignments: Space 512K, Generation 512K, Heap 2M
 Heap Min Capacity: 100M
 Heap Initial Capacity: 100M
 Heap Max Capacity: 2G
 Pre-touch: Disabled
 Parallel Workers: 8
Heap:
 PSYoungGen      total 10240K, used 10080K [0x00000000d5580000, 0x00000000d6180000, 0x0000000100000000)
  eden space 9216K, 100% used [0x00000000d5580000,0x00000000d5e80000,0x00000000d5e80000)
  from space 1024K, 84% used [0x00000000d6080000,0x00000000d6158000,0x00000000d6180000)
  to   space 1536K, 0% used [0x00000000d5e80000,0x00000000d5e80000,0x00000000d6000000)
 ParOldGen       total 1397760K, used 1397393K [0x0000000080000000, 0x00000000d5500000, 0x00000000d5580000)
  object space 1397760K, 99% used [0x0000000080000000,0x00000000d54a4460,0x00000000d5500000)
 Metaspace       used 96310K, committed 97984K, reserved 1179648K
  class space    used 9532K, committed 10368K, reserved 1048576K
GC Heap History (20 events):
Event: 60655.667 GC heap after
{Heap after GC invocations=2246 (full 5):
 PSYoungGen      total 9728K, used 448K [0x00000000d5580000, 0x00000000d6080000, 0x0000000100000000)
  eden space 9216K, 0% used [0x00000000d5580000,0x00000000d5580000,0x00000000d5e80000)
  from space 512K, 87% used [0x00000000d5e80000,0x00000000d5ef0000,0x00000000d5f00000)
  to   space 512K, 0% used [0x00000000d6000000,0x00000000d6000000,0x00000000d6080000)
 ParOldGen       total 1392640K, used 1392131K [0x0000000080000000, 0x00000000d5000000, 0x00000000d5580000)
  object space 1392640K, 99% used [0x0000000080000000,0x00000000d4f80c68,0x00000000d5000000)
 Metaspace       used 96309K, committed 97984K, reserved 1179648K
  class space    used 9532K, committed 10368K, reserved 1048576K
}
Event: 60655.713 GC heap before
{Heap before GC invocations=2247 (full 5):
 PSYoungGen      total 9728K, used 9657K [0x00000000d5580000, 0x00000000d6080000, 0x0000000100000000)
  eden space 9216K, 99% used [0x00000000d5580000,0x00000000d5e7e560,0x00000000d5e80000)
  from space 512K, 87% used [0x00000000d5e80000,0x00000000d5ef0000,0x00000000d5f00000)
  to   space 512K, 0% used [0x00000000d6000000,0x00000000d6000000,0x00000000d6080000)
 ParOldGen       total 1392640K, used 1392131K [0x0000000080000000, 0x00000000d5000000, 0x00000000d5580000)
  object space 1392640K, 99% used [0x0000000080000000,0x00000000d4f80c68,0x00000000d5000000)
 Metaspace       used 96309K, committed 97984K, reserved 1179648K
  class space    used 9532K, committed 10368K, reserved 1048576K
}
Event: 60655.724 GC heap after
{Heap after GC invocations=2247 (full 5):
 PSYoungGen      total 9728K, used 506K [0x00000000d5580000, 0x00000000d6180000, 0x0000000100000000)
  eden space 9216K, 0% used [0x00000000d5580000,0x00000000d5580000,0x00000000d5e80000)
  from space 512K, 98% used [0x00000000d6000000,0x00000000d607e910,0x00000000d6080000)
  to   space 1536K, 0% used [0x00000000d5e80000,0x00000000d5e80000,0x00000000d6000000)
 ParOldGen       total 1393152K, used 1392679K [0x0000000080000000, 0x00000000d5080000, 0x00000000d5580000)
  object space 1393152K, 99% used [0x0000000080000000,0x00000000d5009d78,0x00000000d5080000)
 Metaspace       used 96309K, committed 97984K, reserved 1179648K
  class space    used 9532K, committed 10368K, reserved 1048576K
}
Event: 60655.765 GC heap before
{Heap before GC invocations=2248 (full 5):
 PSYoungGen      total 9728K, used 9722K [0x00000000d5580000, 0x00000000d6180000, 0x0000000100000000)
  eden space 9216K, 100% used [0x00000000d5580000,0x00000000d5e80000,0x00000000d5e80000)
  from space 512K, 98% used [0x00000000d6000000,0x00000000d607e910,0x00000000d6080000)
  to   space 1536K, 0% used [0x00000000d5e80000,0x00000000d5e80000,0x00000000d6000000)
 ParOldGen       total 1393152K, used 1392679K [0x0000000080000000, 0x00000000d5080000, 0x00000000d5580000)
  object space 1393152K, 99% used [0x0000000080000000,0x00000000d5009d78,0x00000000d5080000)
 Metaspace       used 96309K, committed 97984K, reserved 1179648K
  class space    used 9532K, committed 10368K, reserved 1048576K
}
Event: 60655.774 GC heap after
{Heap after GC invocations=2248 (full 5):
 PSYoungGen      total 10240K, used 992K [0x00000000d5580000, 0x00000000d6080000, 0x0000000100000000)
  eden space 9216K, 0% used [0x00000000d5580000,0x00000000d5580000,0x00000000d5e80000)
  from space 1024K, 96% used [0x00000000d5e80000,0x00000000d5f78000,0x00000000d5f80000)
  to   space 1024K, 0% used [0x00000000d5f80000,0x00000000d5f80000,0x00000000d6080000)
 ParOldGen       total 1393664K, used 1393181K [0x0000000080000000, 0x00000000d5100000, 0x00000000d5580000)
  object space 1393664K, 99% used [0x0000000080000000,0x00000000d5087580,0x00000000d5100000)
 Metaspace       used 96309K, committed 97984K, reserved 1179648K
  class space    used 9532K, committed 10368K, reserved 1048576K
}
Event: 60655.820 GC heap before
{Heap before GC invocations=2249 (full 5):
 PSYoungGen      total 10240K, used 10101K [0x00000000d5580000, 0x00000000d6080000, 0x0000000100000000)
  eden space 9216K, 98% used [0x00000000d5580000,0x00000000d5e65508,0x00000000d5e80000)
  from space 1024K, 96% used [0x00000000d5e80000,0x00000000d5f78000,0x00000000d5f80000)
  to   space 1024K, 0% used [0x00000000d5f80000,0x00000000d5f80000,0x00000000d6080000)
 ParOldGen       total 1393664K, used 1393181K [0x0000000080000000, 0x00000000d5100000, 0x00000000d5580000)
  object space 1393664K, 99% used [0x0000000080000000,0x00000000d5087580,0x00000000d5100000)
 Metaspace       used 96309K, committed 97984K, reserved 1179648K
  class space    used 9532K, committed 10368K, reserved 1048576K
}
Event: 60655.835 GC heap after
{Heap after GC invocations=2249 (full 5):
 PSYoungGen      total 10240K, used 704K [0x00000000d5580000, 0x00000000d6280000, 0x0000000100000000)
  eden space 9216K, 0% used [0x00000000d5580000,0x00000000d5580000,0x00000000d5e80000)
  from space 1024K, 68% used [0x00000000d5f80000,0x00000000d6030000,0x00000000d6080000)
  to   space 1024K, 0% used [0x00000000d5e80000,0x00000000d5e80000,0x00000000d5f80000)
 ParOldGen       total 1394176K, used 1394073K [0x0000000080000000, 0x00000000d5180000, 0x00000000d5580000)
  object space 1394176K, 99% used [0x0000000080000000,0x00000000d51664b0,0x00000000d5180000)
 Metaspace       used 96309K, committed 97984K, reserved 1179648K
  class space    used 9532K, committed 10368K, reserved 1048576K
}
Event: 60655.876 GC heap before
{Heap before GC invocations=2250 (full 5):
 PSYoungGen      total 10240K, used 9920K [0x00000000d5580000, 0x00000000d6280000, 0x0000000100000000)
  eden space 9216K, 100% used [0x00000000d5580000,0x00000000d5e80000,0x00000000d5e80000)
  from space 1024K, 68% used [0x00000000d5f80000,0x00000000d6030000,0x00000000d6080000)
  to   space 1024K, 0% used [0x00000000d5e80000,0x00000000d5e80000,0x00000000d5f80000)
 ParOldGen       total 1394176K, used 1394073K [0x0000000080000000, 0x00000000d5180000, 0x00000000d5580000)
  object space 1394176K, 99% used [0x0000000080000000,0x00000000d51664b0,0x00000000d5180000)
 Metaspace       used 96309K, committed 97984K, reserved 1179648K
  class space    used 9532K, committed 10368K, reserved 1048576K
}
Event: 60655.887 GC heap after
{Heap after GC invocations=2250 (full 5):
 PSYoungGen      total 10240K, used 448K [0x00000000d5580000, 0x00000000d6280000, 0x0000000100000000)
  eden space 9216K, 0% used [0x00000000d5580000,0x00000000d5580000,0x00000000d5e80000)
  from space 1024K, 43% used [0x00000000d5e80000,0x00000000d5ef0000,0x00000000d5f80000)
  to   space 1024K, 0% used [0x00000000d6180000,0x00000000d6180000,0x00000000d6280000)
 ParOldGen       total 1394688K, used 1394665K [0x0000000080000000, 0x00000000d5200000, 0x00000000d5580000)
  object space 1394688K, 99% used [0x0000000080000000,0x00000000d51fa4b0,0x00000000d5200000)
 Metaspace       used 96309K, committed 97984K, reserved 1179648K
  class space    used 9532K, committed 10368K, reserved 1048576K
}
Event: 60655.937 GC heap before
{Heap before GC invocations=2251 (full 5):
 PSYoungGen      total 10240K, used 9659K [0x00000000d5580000, 0x00000000d6280000, 0x0000000100000000)
  eden space 9216K, 99% used [0x00000000d5580000,0x00000000d5e7efd0,0x00000000d5e80000)
  from space 1024K, 43% used [0x00000000d5e80000,0x00000000d5ef0000,0x00000000d5f80000)
  to   space 1024K, 0% used [0x00000000d6180000,0x00000000d6180000,0x00000000d6280000)
 ParOldGen       total 1394688K, used 1394665K [0x0000000080000000, 0x00000000d5200000, 0x00000000d5580000)
  object space 1394688K, 99% used [0x0000000080000000,0x00000000d51fa4b0,0x00000000d5200000)
 Metaspace       used 96309K, committed 97984K, reserved 1179648K
  class space    used 9532K, committed 10368K, reserved 1048576K
}
Event: 60655.946 GC heap after
{Heap after GC invocations=2251 (full 5):
 PSYoungGen      total 10240K, used 627K [0x00000000d5580000, 0x00000000d6280000, 0x0000000100000000)
  eden space 9216K, 0% used [0x00000000d5580000,0x00000000d5580000,0x00000000d5e80000)
  from space 1024K, 61% used [0x00000000d6180000,0x00000000d621ce88,0x00000000d6280000)
  to   space 1024K, 0% used [0x00000000d5e80000,0x00000000d5e80000,0x00000000d5f80000)
 ParOldGen       total 1395200K, used 1395001K [0x0000000080000000, 0x00000000d5280000, 0x00000000d5580000)
  object space 1395200K, 99% used [0x0000000080000000,0x00000000d524e4b0,0x00000000d5280000)
 Metaspace       used 96309K, committed 97984K, reserved 1179648K
  class space    used 9532K, committed 10368K, reserved 1048576K
}
Event: 60655.985 GC heap before
{Heap before GC invocations=2252 (full 5):
 PSYoungGen      total 10240K, used 9843K [0x00000000d5580000, 0x00000000d6280000, 0x0000000100000000)
  eden space 9216K, 100% used [0x00000000d5580000,0x00000000d5e80000,0x00000000d5e80000)
  from space 1024K, 61% used [0x00000000d6180000,0x00000000d621ce88,0x00000000d6280000)
  to   space 1024K, 0% used [0x00000000d5e80000,0x00000000d5e80000,0x00000000d5f80000)
 ParOldGen       total 1395200K, used 1395001K [0x0000000080000000, 0x00000000d5280000, 0x00000000d5580000)
  object space 1395200K, 99% used [0x0000000080000000,0x00000000d524e4b0,0x00000000d5280000)
 Metaspace       used 96309K, committed 97984K, reserved 1179648K
  class space    used 9532K, committed 10368K, reserved 1048576K
}
Event: 60655.991 GC heap after
{Heap after GC invocations=2252 (full 5):
 PSYoungGen      total 10240K, used 576K [0x00000000d5580000, 0x00000000d6200000, 0x0000000100000000)
  eden space 9216K, 0% used [0x00000000d5580000,0x00000000d5580000,0x00000000d5e80000)
  from space 1024K, 56% used [0x00000000d5e80000,0x00000000d5f10000,0x00000000d5f80000)
  to   space 1024K, 0% used [0x00000000d6100000,0x00000000d6100000,0x00000000d6200000)
 ParOldGen       total 1395712K, used 1395353K [0x0000000080000000, 0x00000000d5300000, 0x00000000d5580000)
  object space 1395712K, 99% used [0x0000000080000000,0x00000000d52a64b0,0x00000000d5300000)
 Metaspace       used 96309K, committed 97984K, reserved 1179648K
  class space    used 9532K, committed 10368K, reserved 1048576K
}
Event: 60656.038 GC heap before
{Heap before GC invocations=2253 (full 5):
 PSYoungGen      total 10240K, used 9792K [0x00000000d5580000, 0x00000000d6200000, 0x0000000100000000)
  eden space 9216K, 100% used [0x00000000d5580000,0x00000000d5e80000,0x00000000d5e80000)
  from space 1024K, 56% used [0x00000000d5e80000,0x00000000d5f10000,0x00000000d5f80000)
  to   space 1024K, 0% used [0x00000000d6100000,0x00000000d6100000,0x00000000d6200000)
 ParOldGen       total 1395712K, used 1395353K [0x0000000080000000, 0x00000000d5300000, 0x00000000d5580000)
  object space 1395712K, 99% used [0x0000000080000000,0x00000000d52a64b0,0x00000000d5300000)
 Metaspace       used 96309K, committed 97984K, reserved 1179648K
  class space    used 9532K, committed 10368K, reserved 1048576K
}
Event: 60656.048 GC heap after
{Heap after GC invocations=2253 (full 5):
 PSYoungGen      total 10240K, used 640K [0x00000000d5580000, 0x00000000d6200000, 0x0000000100000000)
  eden space 9216K, 0% used [0x00000000d5580000,0x00000000d5580000,0x00000000d5e80000)
  from space 1024K, 62% used [0x00000000d6100000,0x00000000d61a0000,0x00000000d6200000)
  to   space 1024K, 0% used [0x00000000d5e80000,0x00000000d5e80000,0x00000000d5f80000)
 ParOldGen       total 1396224K, used 1395851K [0x0000000080000000, 0x00000000d5380000, 0x00000000d5580000)
  object space 1396224K, 99% used [0x0000000080000000,0x00000000d5322db8,0x00000000d5380000)
 Metaspace       used 96309K, committed 97984K, reserved 1179648K
  class space    used 9532K, committed 10368K, reserved 1048576K
}
Event: 60656.075 GC heap before
{Heap before GC invocations=2254 (full 5):
 PSYoungGen      total 10240K, used 9851K [0x00000000d5580000, 0x00000000d6200000, 0x0000000100000000)
  eden space 9216K, 99% used [0x00000000d5580000,0x00000000d5e7ec08,0x00000000d5e80000)
  from space 1024K, 62% used [0x00000000d6100000,0x00000000d61a0000,0x00000000d6200000)
  to   space 1024K, 0% used [0x00000000d5e80000,0x00000000d5e80000,0x00000000d5f80000)
 ParOldGen       total 1396224K, used 1395851K [0x0000000080000000, 0x00000000d5380000, 0x00000000d5580000)
  object space 1396224K, 99% used [0x0000000080000000,0x00000000d5322db8,0x00000000d5380000)
 Metaspace       used 96310K, committed 97984K, reserved 1179648K
  class space    used 9532K, committed 10368K, reserved 1048576K
}
Event: 60656.079 GC heap after
{Heap after GC invocations=2254 (full 5):
 PSYoungGen      total 10240K, used 1006K [0x00000000d5580000, 0x00000000d6280000, 0x0000000100000000)
  eden space 9216K, 0% used [0x00000000d5580000,0x00000000d5580000,0x00000000d5e80000)
  from space 1024K, 98% used [0x00000000d5e80000,0x00000000d5f7b8a0,0x00000000d5f80000)
  to   space 2048K, 0% used [0x00000000d6080000,0x00000000d6080000,0x00000000d6280000)
 ParOldGen       total 1396736K, used 1396472K [0x0000000080000000, 0x00000000d5400000, 0x00000000d5580000)
  object space 1396736K, 99% used [0x0000000080000000,0x00000000d53be0d8,0x00000000d5400000)
 Metaspace       used 96310K, committed 97984K, reserved 1179648K
  class space    used 9532K, committed 10368K, reserved 1048576K
}
Event: 60656.100 GC heap before
{Heap before GC invocations=2255 (full 5):
 PSYoungGen      total 10240K, used 10222K [0x00000000d5580000, 0x00000000d6280000, 0x0000000100000000)
  eden space 9216K, 100% used [0x00000000d5580000,0x00000000d5e80000,0x00000000d5e80000)
  from space 1024K, 98% used [0x00000000d5e80000,0x00000000d5f7b8a0,0x00000000d5f80000)
  to   space 2048K, 0% used [0x00000000d6080000,0x00000000d6080000,0x00000000d6280000)
 ParOldGen       total 1396736K, used 1396472K [0x0000000080000000, 0x00000000d5400000, 0x00000000d5580000)
  object space 1396736K, 99% used [0x0000000080000000,0x00000000d53be0d8,0x00000000d5400000)
 Metaspace       used 96310K, committed 97984K, reserved 1179648K
  class space    used 9532K, committed 10368K, reserved 1048576K
}
Event: 60656.103 GC heap after
{Heap after GC invocations=2255 (full 5):
 PSYoungGen      total 10240K, used 864K [0x00000000d5580000, 0x00000000d6180000, 0x0000000100000000)
  eden space 9216K, 0% used [0x00000000d5580000,0x00000000d5580000,0x00000000d5e80000)
  from space 1024K, 84% used [0x00000000d6080000,0x00000000d6158000,0x00000000d6180000)
  to   space 1536K, 0% used [0x00000000d5e80000,0x00000000d5e80000,0x00000000d6000000)
 ParOldGen       total 1397760K, used 1397393K [0x0000000080000000, 0x00000000d5500000, 0x00000000d5580000)
  object space 1397760K, 99% used [0x0000000080000000,0x00000000d54a4460,0x00000000d5500000)
 Metaspace       used 96310K, committed 97984K, reserved 1179648K
  class space    used 9532K, committed 10368K, reserved 1048576K
}
Event: 60656.123 GC heap before
{Heap before GC invocations=2256 (full 6):
 PSYoungGen      total 10240K, used 10080K [0x00000000d5580000, 0x00000000d6180000, 0x0000000100000000)
  eden space 9216K, 100% used [0x00000000d5580000,0x00000000d5e80000,0x00000000d5e80000)
  from space 1024K, 84% used [0x00000000d6080000,0x00000000d6158000,0x00000000d6180000)
  to   space 1536K, 0% used [0x00000000d5e80000,0x00000000d5e80000,0x00000000d6000000)
 ParOldGen       total 1397760K, used 1397393K [0x0000000080000000, 0x00000000d5500000, 0x00000000d5580000)
  object space 1397760K, 99% used [0x0000000080000000,0x00000000d54a4460,0x00000000d5500000)
 Metaspace       used 96310K, committed 97984K, reserved 1179648K
  class space    used 9532K, committed 10368K, reserved 1048576K
}

